Release 14.7 - xst P.20131013 (nt)
Copyright (c) 1995-2013 Xilinx, Inc.  All rights reserved.
--> Parameter TMPDIR set to xst/projnav.tmp


Total REAL time to Xst completion: 0.00 secs
Total CPU time to Xst completion: 0.21 secs
 
--> Parameter xsthdpdir set to xst


Total REAL time to Xst completion: 0.00 secs
Total CPU time to Xst completion: 0.21 secs
 
--> Reading design: moba.prj

TABLE OF CONTENTS
  1) Synthesis Options Summary
  2) HDL Parsing
  3) HDL Elaboration
  4) HDL Synthesis
       4.1) HDL Synthesis Report
  5) Advanced HDL Synthesis
       5.1) Advanced HDL Synthesis Report
  6) Low Level Synthesis
  7) Partition Report
  8) Design Summary
       8.1) Primitive and Black Box Usage
       8.2) Device utilization summary
       8.3) Partition Resource Summary
       8.4) Timing Report
            8.4.1) Clock Information
            8.4.2) Asynchronous Control Signals Information
            8.4.3) Timing Summary
            8.4.4) Timing Details
            8.4.5) Cross Clock Domains Report


=========================================================================
*                      Synthesis Options Summary                        *
=========================================================================
---- Source Parameters
Input File Name                    : "moba.prj"
Ignore Synthesis Constraint File   : NO

---- Target Parameters
Output File Name                   : "moba"
Output Format                      : NGC
Target Device                      : xc7a100t-3-csg324

---- Source Options
Top Module Name                    : moba
Automatic FSM Extraction           : YES
FSM Encoding Algorithm             : Auto
Safe Implementation                : No
FSM Style                          : LUT
RAM Extraction                     : Yes
RAM Style                          : Auto
ROM Extraction                     : Yes
Shift Register Extraction          : YES
ROM Style                          : Auto
Resource Sharing                   : YES
Asynchronous To Synchronous        : NO
Shift Register Minimum Size        : 2
Use DSP Block                      : Auto
Automatic Register Balancing       : No

---- Target Options
LUT Combining                      : Auto
Reduce Control Sets                : Auto
Add IO Buffers                     : YES
Global Maximum Fanout              : 100000
Add Generic Clock Buffer(BUFG)     : 32
Register Duplication               : YES
Optimize Instantiated Primitives   : NO
Use Clock Enable                   : Auto
Use Synchronous Set                : Auto
Use Synchronous Reset              : Auto
Pack IO Registers into IOBs        : Auto
Equivalent register Removal        : YES

---- General Options
Optimization Goal                  : Speed
Optimization Effort                : 1
Power Reduction                    : NO
Keep Hierarchy                     : No
Netlist Hierarchy                  : As_Optimized
RTL Output                         : Yes
Global Optimization                : AllClockNets
Read Cores                         : YES
Write Timing Constraints           : NO
Cross Clock Analysis               : NO
Hierarchy Separator                : /
Bus Delimiter                      : <>
Case Specifier                     : Maintain
Slice Utilization Ratio            : 100
BRAM Utilization Ratio             : 100
DSP48 Utilization Ratio            : 100
Auto BRAM Packing                  : NO
Slice Utilization Ratio Delta      : 5

=========================================================================


=========================================================================
*                          HDL Parsing                                  *
=========================================================================
Parsing VHDL file "D:\New Folder\moba\two_or_door.vhd" into library work
Parsing entity <two_or_door>.
Parsing architecture <Behavioral> of entity <two_or_door>.
Parsing VHDL file "D:\New Folder\moba\two_and_door.vhd" into library work
Parsing entity <two_and_door>.
Parsing architecture <Behavioral> of entity <two_and_door>.
Parsing VHDL file "D:\New Folder\moba\three_or_door.vhd" into library work
Parsing entity <three_or_door>.
Parsing architecture <Behavioral> of entity <three_or_door>.
Parsing VHDL file "D:\New Folder\moba\three_and_door.vhd" into library work
Parsing entity <three_and_door>.
Parsing architecture <Behavioral> of entity <three_and_door>.
Parsing VHDL file "D:\New Folder\moba\Dtrigger.vhd" into library work
Parsing entity <Dtrigger>.
Parsing architecture <Behavioral> of entity <dtrigger>.
Parsing VHDL file "D:\New Folder\moba\moba.vhd" into library work
Parsing entity <moba>.
Parsing architecture <Behavioral> of entity <moba>.

=========================================================================
*                            HDL Elaboration                            *
=========================================================================

Elaborating entity <moba> (architecture <Behavioral>) from library <work>.

Elaborating entity <two_and_door> (architecture <Behavioral>) from library <work>.

Elaborating entity <two_or_door> (architecture <Behavioral>) from library <work>.

Elaborating entity <three_and_door> (architecture <Behavioral>) from library <work>.

Elaborating entity <three_or_door> (architecture <Behavioral>) from library <work>.

Elaborating entity <Dtrigger> (architecture <Behavioral>) from library <work>.

=========================================================================
*                           HDL Synthesis                               *
=========================================================================

Synthesizing Unit <moba>.
    Related source file is "D:\New Folder\moba\moba.vhd".
    Summary:
	no macro.
Unit <moba> synthesized.

Synthesizing Unit <two_and_door>.
    Related source file is "D:\New Folder\moba\two_and_door.vhd".
    Summary:
	no macro.
Unit <two_and_door> synthesized.

Synthesizing Unit <two_or_door>.
    Related source file is "D:\New Folder\moba\two_or_door.vhd".
    Summary:
	no macro.
Unit <two_or_door> synthesized.

Synthesizing Unit <three_and_door>.
    Related source file is "D:\New Folder\moba\three_and_door.vhd".
    Summary:
	no macro.
Unit <three_and_door> synthesized.

Synthesizing Unit <three_or_door>.
    Related source file is "D:\New Folder\moba\three_or_door.vhd".
    Summary:
	no macro.
Unit <three_or_door> synthesized.

Synthesizing Unit <Dtrigger>.
    Related source file is "D:\New Folder\moba\Dtrigger.vhd".
    Found 1-bit register for signal <NQ>.
    Found 1-bit register for signal <Q>.
    Summary:
	inferred   2 D-type flip-flop(s).
Unit <Dtrigger> synthesized.

=========================================================================
HDL Synthesis Report

Macro Statistics
# Registers                                            : 6
 1-bit register                                        : 6

=========================================================================

=========================================================================
*                       Advanced HDL Synthesis                          *
=========================================================================


=========================================================================
Advanced HDL Synthesis Report

Macro Statistics
# Registers                                            : 6
 Flip-Flops                                            : 6

=========================================================================

=========================================================================
*                         Low Level Synthesis                           *
=========================================================================

Optimizing unit <moba> ...
INFO:Xst:3203 - The FF/Latch <U11/NQ> in Unit <moba> is the opposite to the following FF/Latch, which will be removed : <U11/Q> 
INFO:Xst:3203 - The FF/Latch <U00/NQ> in Unit <moba> is the opposite to the following FF/Latch, which will be removed : <U00/Q> 
INFO:Xst:3203 - The FF/Latch <U22/Q> in Unit <moba> is the opposite to the following FF/Latch, which will be removed : <U22/NQ> 

Mapping all equations...
Building and optimizing final netlist ...
Found area constraint ratio of 100 (+ 5) on block moba, actual ratio is 0.

Final Macro Processing ...

=========================================================================
Final Register Report

Macro Statistics
# Registers                                            : 3
 Flip-Flops                                            : 3

=========================================================================

=========================================================================
*                           Partition Report                            *
=========================================================================

Partition Implementation Status
-------------------------------

  No Partitions were found in this design.

-------------------------------

=========================================================================
*                            Design Summary                             *
=========================================================================

Top Level Output File Name         : moba.ngc

Primitive and Black Box Usage:
------------------------------
# BELS                             : 6
#      INV                         : 4
#      LUT2                        : 1
#      LUT3                        : 1
# FlipFlops/Latches                : 3
#      FDC                         : 1
#      FDP                         : 2
# Clock Buffers                    : 1
#      BUFGP                       : 1
# IO Buffers                       : 7
#      IBUF                        : 1
#      OBUF                        : 6

Device utilization summary:
---------------------------

Selected Device : 7a100tcsg324-3 


Slice Logic Utilization: 
 Number of Slice Registers:               3  out of  126800     0%  
 Number of Slice LUTs:                    6  out of  63400     0%  
    Number used as Logic:                 6  out of  63400     0%  

Slice Logic Distribution: 
 Number of LUT Flip Flop pairs used:      9
   Number with an unused Flip Flop:       6  out of      9    66%  
   Number with an unused LUT:             3  out of      9    33%  
   Number of fully used LUT-FF pairs:     0  out of      9     0%  
   Number of unique control sets:         1

IO Utilization: 
 Number of IOs:                           8
 Number of bonded IOBs:                   8  out of    210     3%  

Specific Feature Utilization:
 Number of BUFG/BUFGCTRLs:                1  out of     32     3%  

---------------------------
Partition Resource Summary:
---------------------------

  No Partitions were found in this design.

---------------------------


=========================================================================
Timing Report

NOTE: THESE TIMING NUMBERS ARE ONLY A SYNTHESIS ESTIMATE.
      FOR ACCURATE TIMING INFORMATION PLEASE REFER TO THE TRACE REPORT
      GENERATED AFTER PLACE-and-ROUTE.

Clock Information:
------------------
-----------------------------------+------------------------+-------+
Clock Signal                       | Clock buffer(FF name)  | Load  |
-----------------------------------+------------------------+-------+
CP                                 | BUFGP                  | 3     |
-----------------------------------+------------------------+-------+

Asynchronous Control Signals Information:
----------------------------------------
No asynchronous control signals found in this design

Timing Summary:
---------------
Speed Grade: -3

   Minimum period: 1.059ns (Maximum Frequency: 944.465MHz)
   Minimum input arrival time before clock: 1.031ns
   Maximum output required time after clock: 1.051ns
   Maximum combinational path delay: No path found

Timing Details:
---------------
All values displayed in nanoseconds (ns)

=========================================================================
Timing constraint: Default period analysis for Clock 'CP'
  Clock period: 1.059ns (frequency: 944.465MHz)
  Total number of paths / destination ports: 6 / 3
-------------------------------------------------------------------------
Delay:               1.059ns (Levels of Logic = 1)
  Source:            U00/NQ (FF)
  Destination:       U00/NQ (FF)
  Source Clock:      CP rising
  Destination Clock: CP rising

  Data Path: U00/NQ to U00/NQ
                                Gate     Net
    Cell:in->out      fanout   Delay   Delay  Logical Name (Net Name)
    ----------------------------------------  ------------
     FDP:C->Q              4   0.361   0.293  U00/NQ (U00/NQ)
     INV:I->O              2   0.113   0.283  U00/D_INV_2_o1_INV_0 (NQ<0>_inv)
     FDP:D                     0.008          U00/NQ
    ----------------------------------------
    Total                      1.059ns (0.482ns logic, 0.577ns route)
                                       (45.5% logic, 54.5% route)

=========================================================================
Timing constraint: Default OFFSET IN BEFORE for Clock 'CP'
  Total number of paths / destination ports: 3 / 3
-------------------------------------------------------------------------
Offset:              1.031ns (Levels of Logic = 2)
  Source:            Rd (PAD)
  Destination:       U00/NQ (FF)
  Destination Clock: CP rising

  Data Path: Rd to U00/NQ
                                Gate     Net
    Cell:in->out      fanout   Delay   Delay  Logical Name (Net Name)
    ----------------------------------------  ------------
     IBUF:I->O             1   0.001   0.279  Rd_IBUF (Rd_IBUF)
     INV:I->O              3   0.113   0.289  U00/Rd_inv1_INV_0 (U00/Rd_inv)
     FDP:PRE                   0.349          U00/NQ
    ----------------------------------------
    Total                      1.031ns (0.463ns logic, 0.568ns route)
                                       (44.9% logic, 55.1% route)

=========================================================================
Timing constraint: Default OFFSET OUT AFTER for Clock 'CP'
  Total number of paths / destination ports: 6 / 6
-------------------------------------------------------------------------
Offset:              1.051ns (Levels of Logic = 2)
  Source:            U00/NQ (FF)
  Destination:       Q<0> (PAD)
  Source Clock:      CP rising

  Data Path: U00/NQ to Q<0>
                                Gate     Net
    Cell:in->out      fanout   Delay   Delay  Logical Name (Net Name)
    ----------------------------------------  ------------
     FDP:C->Q              4   0.361   0.293  U00/NQ (U00/NQ)
     INV:I->O              2   0.113   0.283  U00/D_INV_2_o1_INV_0 (NQ<0>_inv)
     OBUF:I->O                 0.000          Q_0_OBUF (Q<0>)
    ----------------------------------------
    Total                      1.051ns (0.474ns logic, 0.577ns route)
                                       (45.1% logic, 54.9% route)

=========================================================================

Cross Clock Domains Report:
--------------------------

Clock to Setup on destination clock CP
---------------+---------+---------+---------+---------+
               | Src:Rise| Src:Fall| Src:Rise| Src:Fall|
Source Clock   |Dest:Rise|Dest:Rise|Dest:Fall|Dest:Fall|
---------------+---------+---------+---------+---------+
CP             |    1.059|         |         |         |
---------------+---------+---------+---------+---------+

=========================================================================


Total REAL time to Xst completion: 9.00 secs
Total CPU time to Xst completion: 9.04 secs
 
--> 

Total memory usage is 367816 kilobytes

Number of errors   :    0 (   0 filtered)
Number of warnings :    0 (   0 filtered)
Number of infos    :    3 (   0 filtered)

