Running: D:\ISE\14.7\ISE_DS\ISE\bin\nt\unwrapped\fuse.exe -intstyle ise -incremental -lib secureip -o D:/New Folder/scan11/testscan_isim_beh.exe -prj D:/New Folder/scan11/testscan_beh.prj work.testscan 
ISim P.20131013 (signature 0x8ef4fb42)
Number of CPUs detected in this system: 16
Turning on mult-threading, number of parallel sub-compilation jobs: 32 
Determining compilation order of HDL files
Parsing VHDL file "D:/New Folder/scan11/Dtrigger.vhd" into library work
Parsing VHDL file "D:/New Folder/scan11/AND_DOOR.vhd" into library work
Parsing VHDL file "D:/New Folder/scan11/scan11.vhd" into library work
Parsing VHDL file "D:/New Folder/scan11/testscan.vhd" into library work
Starting static elaboration
Completed static elaboration
Fuse Memory Usage: 160792 KB
Fuse CPU Usage: 187 ms
Compiling package standard
Compiling package std_logic_1164
Compiling architecture behavioral of entity AND_DOOR [and_door_default]
Compiling architecture behavioral of entity Dtrigger [dtrigger_default]
Compiling architecture behavioral of entity scan11 [scan11_default]
Compiling architecture behavior of entity testscan
Time Resolution for simulation is 1ps.
Compiled 9 VHDL Units
Built simulation executable D:/New Folder/scan11/testscan_isim_beh.exe
Fuse Memory Usage: 171664 KB
Fuse CPU Usage: 233 ms
