Release 14.7 - xst P.20131013 (nt)
Copyright (c) 1995-2013 Xilinx, Inc.  All rights reserved.
--> Parameter TMPDIR set to xst/projnav.tmp


Total REAL time to Xst completion: 0.00 secs
Total CPU time to Xst completion: 0.09 secs
 
--> Parameter xsthdpdir set to xst


Total REAL time to Xst completion: 0.00 secs
Total CPU time to Xst completion: 0.09 secs
 
--> Reading design: lab4.prj

TABLE OF CONTENTS
  1) Synthesis Options Summary
  2) HDL Parsing
  3) HDL Elaboration
  4) HDL Synthesis
       4.1) HDL Synthesis Report
  5) Advanced HDL Synthesis
       5.1) Advanced HDL Synthesis Report
  6) Low Level Synthesis
  7) Partition Report
  8) Design Summary
       8.1) Primitive and Black Box Usage
       8.2) Device utilization summary
       8.3) Partition Resource Summary
       8.4) Timing Report
            8.4.1) Clock Information
            8.4.2) Asynchronous Control Signals Information
            8.4.3) Timing Summary
            8.4.4) Timing Details
            8.4.5) Cross Clock Domains Report


=========================================================================
*                      Synthesis Options Summary                        *
=========================================================================
---- Source Parameters
Input File Name                    : "lab4.prj"
Ignore Synthesis Constraint File   : NO

---- Target Parameters
Output File Name                   : "lab4"
Output Format                      : NGC
Target Device                      : xc7a100t-3-csg324

---- Source Options
Top Module Name                    : lab4
Automatic FSM Extraction           : YES
FSM Encoding Algorithm             : Auto
Safe Implementation                : No
FSM Style                          : LUT
RAM Extraction                     : Yes
RAM Style                          : Auto
ROM Extraction                     : Yes
Shift Register Extraction          : YES
ROM Style                          : Auto
Resource Sharing                   : YES
Asynchronous To Synchronous        : NO
Shift Register Minimum Size        : 2
Use DSP Block                      : Auto
Automatic Register Balancing       : No

---- Target Options
LUT Combining                      : Auto
Reduce Control Sets                : Auto
Add IO Buffers                     : YES
Global Maximum Fanout              : 100000
Add Generic Clock Buffer(BUFG)     : 32
Register Duplication               : YES
Optimize Instantiated Primitives   : NO
Use Clock Enable                   : Auto
Use Synchronous Set                : Auto
Use Synchronous Reset              : Auto
Pack IO Registers into IOBs        : Auto
Equivalent register Removal        : YES

---- General Options
Optimization Goal                  : Speed
Optimization Effort                : 1
Power Reduction                    : NO
Keep Hierarchy                     : No
Netlist Hierarchy                  : As_Optimized
RTL Output                         : Yes
Global Optimization                : AllClockNets
Read Cores                         : YES
Write Timing Constraints           : NO
Cross Clock Analysis               : NO
Hierarchy Separator                : /
Bus Delimiter                      : <>
Case Specifier                     : Maintain
Slice Utilization Ratio            : 100
BRAM Utilization Ratio             : 100
DSP48 Utilization Ratio            : 100
Auto BRAM Packing                  : NO
Slice Utilization Ratio Delta      : 5

=========================================================================


=========================================================================
*                          HDL Parsing                                  *
=========================================================================
Parsing VHDL file "D:\New Folder\lab4\lab4.vhd" into library work
Parsing entity <lab4>.
Parsing architecture <BE> of entity <lab4>.

=========================================================================
*                            HDL Elaboration                            *
=========================================================================

Elaborating entity <lab4> (architecture <BE>) from library <work>.

=========================================================================
*                           HDL Synthesis                               *
=========================================================================

Synthesizing Unit <lab4>.
    Related source file is "D:\New Folder\lab4\lab4.vhd".
    Found 1-bit register for signal <lock>.
    Found 4-bit register for signal <temp_seg>.
    Found 6-bit register for signal <light>.
    Found 1-bit register for signal <clk_out>.
    Found 26-bit register for signal <cnt>.
    Found 26-bit adder for signal <cnt[25]_GND_6_o_add_0_OUT> created at line 27.
    Found 4-bit adder for signal <cnt_seg[3]_GND_6_o_add_5_OUT> created at line 48.
    Found 16x7-bit Read Only RAM for signal <seg>
    Found 4-bit comparator greater for signal <PWR_6_o_cnt_seg[3]_LessThan_7_o> created at line 49
    Summary:
	inferred   1 RAM(s).
	inferred   2 Adder/Subtractor(s).
	inferred  38 D-type flip-flop(s).
	inferred   1 Comparator(s).
	inferred   1 Multiplexer(s).
Unit <lab4> synthesized.

=========================================================================
HDL Synthesis Report

Macro Statistics
# RAMs                                                 : 1
 16x7-bit single-port Read Only RAM                    : 1
# Adders/Subtractors                                   : 2
 26-bit adder                                          : 1
 4-bit adder                                           : 1
# Registers                                            : 5
 1-bit register                                        : 2
 26-bit register                                       : 1
 4-bit register                                        : 1
 6-bit register                                        : 1
# Comparators                                          : 1
 4-bit comparator greater                              : 1
# Multiplexers                                         : 1
 4-bit 2-to-1 multiplexer                              : 1

=========================================================================

=========================================================================
*                       Advanced HDL Synthesis                          *
=========================================================================


Synthesizing (advanced) Unit <lab4>.
The following registers are absorbed into counter <cnt>: 1 register on signal <cnt>.
INFO:Xst:3218 - HDL ADVISOR - The RAM <Mram_seg> will be implemented on LUTs either because you have described an asynchronous read or because of currently unsupported block RAM features. If you have described an asynchronous read, making it synchronous would allow you to take advantage of available block RAM resources, for optimized device usage and improved timings. Please refer to your documentation for coding guidelines.
    -----------------------------------------------------------------------
    | ram_type           | Distributed                         |          |
    -----------------------------------------------------------------------
    | Port A                                                              |
    |     aspect ratio   | 16-word x 7-bit                     |          |
    |     weA            | connected to signal <GND>           | high     |
    |     addrA          | connected to signal <temp_seg>      |          |
    |     diA            | connected to signal <GND>           |          |
    |     doA            | connected to signal <seg>           |          |
    -----------------------------------------------------------------------
Unit <lab4> synthesized (advanced).

=========================================================================
Advanced HDL Synthesis Report

Macro Statistics
# RAMs                                                 : 1
 16x7-bit single-port distributed Read Only RAM        : 1
# Adders/Subtractors                                   : 1
 4-bit adder                                           : 1
# Counters                                             : 1
 26-bit up counter                                     : 1
# Registers                                            : 12
 Flip-Flops                                            : 12
# Comparators                                          : 1
 4-bit comparator greater                              : 1
# Multiplexers                                         : 1
 4-bit 2-to-1 multiplexer                              : 1

=========================================================================

=========================================================================
*                         Low Level Synthesis                           *
=========================================================================

Optimizing unit <lab4> ...
WARNING:Xst:1293 - FF/Latch <cnt_25> has a constant value of 0 in block <lab4>. This FF/Latch will be trimmed during the optimization process.
WARNING:Xst:1896 - Due to other FF/Latch trimming, FF/Latch <cnt_24> has a constant value of 0 in block <lab4>. This FF/Latch will be trimmed during the optimization process.
WARNING:Xst:1896 - Due to other FF/Latch trimming, FF/Latch <cnt_23> has a constant value of 0 in block <lab4>. This FF/Latch will be trimmed during the optimization process.
WARNING:Xst:1896 - Due to other FF/Latch trimming, FF/Latch <cnt_22> has a constant value of 0 in block <lab4>. This FF/Latch will be trimmed during the optimization process.
WARNING:Xst:1896 - Due to other FF/Latch trimming, FF/Latch <cnt_21> has a constant value of 0 in block <lab4>. This FF/Latch will be trimmed during the optimization process.
WARNING:Xst:1896 - Due to other FF/Latch trimming, FF/Latch <cnt_20> has a constant value of 0 in block <lab4>. This FF/Latch will be trimmed during the optimization process.
WARNING:Xst:1896 - Due to other FF/Latch trimming, FF/Latch <cnt_19> has a constant value of 0 in block <lab4>. This FF/Latch will be trimmed during the optimization process.
WARNING:Xst:1896 - Due to other FF/Latch trimming, FF/Latch <cnt_18> has a constant value of 0 in block <lab4>. This FF/Latch will be trimmed during the optimization process.
WARNING:Xst:1896 - Due to other FF/Latch trimming, FF/Latch <cnt_17> has a constant value of 0 in block <lab4>. This FF/Latch will be trimmed during the optimization process.
WARNING:Xst:1896 - Due to other FF/Latch trimming, FF/Latch <cnt_16> has a constant value of 0 in block <lab4>. This FF/Latch will be trimmed during the optimization process.
WARNING:Xst:1896 - Due to other FF/Latch trimming, FF/Latch <cnt_15> has a constant value of 0 in block <lab4>. This FF/Latch will be trimmed during the optimization process.
WARNING:Xst:1896 - Due to other FF/Latch trimming, FF/Latch <cnt_14> has a constant value of 0 in block <lab4>. This FF/Latch will be trimmed during the optimization process.
WARNING:Xst:1896 - Due to other FF/Latch trimming, FF/Latch <cnt_13> has a constant value of 0 in block <lab4>. This FF/Latch will be trimmed during the optimization process.
WARNING:Xst:1896 - Due to other FF/Latch trimming, FF/Latch <cnt_12> has a constant value of 0 in block <lab4>. This FF/Latch will be trimmed during the optimization process.
WARNING:Xst:1896 - Due to other FF/Latch trimming, FF/Latch <cnt_11> has a constant value of 0 in block <lab4>. This FF/Latch will be trimmed during the optimization process.
WARNING:Xst:1896 - Due to other FF/Latch trimming, FF/Latch <cnt_10> has a constant value of 0 in block <lab4>. This FF/Latch will be trimmed during the optimization process.
WARNING:Xst:1896 - Due to other FF/Latch trimming, FF/Latch <cnt_9> has a constant value of 0 in block <lab4>. This FF/Latch will be trimmed during the optimization process.
WARNING:Xst:1896 - Due to other FF/Latch trimming, FF/Latch <cnt_8> has a constant value of 0 in block <lab4>. This FF/Latch will be trimmed during the optimization process.
WARNING:Xst:1896 - Due to other FF/Latch trimming, FF/Latch <cnt_7> has a constant value of 0 in block <lab4>. This FF/Latch will be trimmed during the optimization process.
WARNING:Xst:1896 - Due to other FF/Latch trimming, FF/Latch <cnt_6> has a constant value of 0 in block <lab4>. This FF/Latch will be trimmed during the optimization process.
WARNING:Xst:1896 - Due to other FF/Latch trimming, FF/Latch <cnt_5> has a constant value of 0 in block <lab4>. This FF/Latch will be trimmed during the optimization process.
WARNING:Xst:1896 - Due to other FF/Latch trimming, FF/Latch <cnt_4> has a constant value of 0 in block <lab4>. This FF/Latch will be trimmed during the optimization process.

Mapping all equations...
Building and optimizing final netlist ...
Found area constraint ratio of 100 (+ 5) on block lab4, actual ratio is 0.

Final Macro Processing ...

=========================================================================
Final Register Report

Macro Statistics
# Registers                                            : 16
 Flip-Flops                                            : 16

=========================================================================

=========================================================================
*                           Partition Report                            *
=========================================================================

Partition Implementation Status
-------------------------------

  No Partitions were found in this design.

-------------------------------

=========================================================================
*                            Design Summary                             *
=========================================================================

Top Level Output File Name         : lab4.ngc

Primitive and Black Box Usage:
------------------------------
# BELS                             : 37
#      GND                         : 1
#      INV                         : 2
#      LUT1                        : 3
#      LUT2                        : 1
#      LUT3                        : 2
#      LUT4                        : 12
#      LUT5                        : 1
#      LUT6                        : 7
#      MUXCY                       : 3
#      VCC                         : 1
#      XORCY                       : 4
# FlipFlops/Latches                : 16
#      FDC                         : 4
#      FDCE                        : 7
#      FDR                         : 5
# Clock Buffers                    : 1
#      BUFGP                       : 1
# IO Buffers                       : 20
#      IBUF                        : 7
#      OBUF                        : 13

Device utilization summary:
---------------------------

Selected Device : 7a100tcsg324-3 


Slice Logic Utilization: 
 Number of Slice Registers:              16  out of  126800     0%  
 Number of Slice LUTs:                   28  out of  63400     0%  
    Number used as Logic:                28  out of  63400     0%  

Slice Logic Distribution: 
 Number of LUT Flip Flop pairs used:     28
   Number with an unused Flip Flop:      12  out of     28    42%  
   Number with an unused LUT:             0  out of     28     0%  
   Number of fully used LUT-FF pairs:    16  out of     28    57%  
   Number of unique control sets:         5

IO Utilization: 
 Number of IOs:                          21
 Number of bonded IOBs:                  21  out of    210    10%  

Specific Feature Utilization:
 Number of BUFG/BUFGCTRLs:                1  out of     32     3%  

---------------------------
Partition Resource Summary:
---------------------------

  No Partitions were found in this design.

---------------------------


=========================================================================
Timing Report

NOTE: THESE TIMING NUMBERS ARE ONLY A SYNTHESIS ESTIMATE.
      FOR ACCURATE TIMING INFORMATION PLEASE REFER TO THE TRACE REPORT
      GENERATED AFTER PLACE-and-ROUTE.

Clock Information:
------------------
-----------------------------------+------------------------+-------+
Clock Signal                       | Clock buffer(FF name)  | Load  |
-----------------------------------+------------------------+-------+
clk                                | BUFGP                  | 12    |
clk_out                            | NONE(temp_seg_0)       | 4     |
-----------------------------------+------------------------+-------+
INFO:Xst:2169 - HDL ADVISOR - Some clock signals were not automatically buffered by XST with BUFG/BUFR resources. Please use the buffer_type constraint in order to insert these buffers to the clock signals to help prevent skew problems.

Asynchronous Control Signals Information:
----------------------------------------
No asynchronous control signals found in this design

Timing Summary:
---------------
Speed Grade: -3

   Minimum period: 1.671ns (Maximum Frequency: 598.587MHz)
   Minimum input arrival time before clock: 1.670ns
   Maximum output required time after clock: 1.340ns
   Maximum combinational path delay: No path found

Timing Details:
---------------
All values displayed in nanoseconds (ns)

=========================================================================
Timing constraint: Default period analysis for Clock 'clk'
  Clock period: 1.671ns (frequency: 598.587MHz)
  Total number of paths / destination ports: 42 / 17
-------------------------------------------------------------------------
Delay:               1.671ns (Levels of Logic = 1)
  Source:            cnt_1 (FF)
  Destination:       cnt_0 (FF)
  Source Clock:      clk rising
  Destination Clock: clk rising

  Data Path: cnt_1 to cnt_0
                                Gate     Net
    Cell:in->out      fanout   Delay   Delay  Logical Name (Net Name)
    ----------------------------------------  ------------
     FDR:C->Q              4   0.361   0.570  cnt_1 (cnt_1)
     LUT4:I0->O            4   0.097   0.293  cnt[25]_GND_6_o_equal_3_o<25>1 (cnt[25]_GND_6_o_equal_3_o)
     FDR:R                     0.349          cnt_0
    ----------------------------------------
    Total                      1.671ns (0.807ns logic, 0.864ns route)
                                       (48.3% logic, 51.7% route)

=========================================================================
Timing constraint: Default period analysis for Clock 'clk_out'
  Clock period: 1.069ns (frequency: 935.891MHz)
  Total number of paths / destination ports: 15 / 4
-------------------------------------------------------------------------
Delay:               1.069ns (Levels of Logic = 1)
  Source:            temp_seg_0 (FF)
  Destination:       temp_seg_0 (FF)
  Source Clock:      clk_out rising
  Destination Clock: clk_out rising

  Data Path: temp_seg_0 to temp_seg_0
                                Gate     Net
    Cell:in->out      fanout   Delay   Delay  Logical Name (Net Name)
    ----------------------------------------  ------------
     FDC:C->Q             11   0.361   0.603  temp_seg_0 (temp_seg_0)
     LUT4:I0->O            1   0.097   0.000  Mmux_cnt_seg[3]_GND_6_o_mux_7_OUT41 (cnt_seg[3]_GND_6_o_mux_7_OUT<3>)
     FDC:D                     0.008          temp_seg_3
    ----------------------------------------
    Total                      1.069ns (0.466ns logic, 0.603ns route)
                                       (43.6% logic, 56.4% route)

=========================================================================
Timing constraint: Default OFFSET IN BEFORE for Clock 'clk'
  Total number of paths / destination ports: 56 / 20
-------------------------------------------------------------------------
Offset:              1.670ns (Levels of Logic = 3)
  Source:            people<5> (PAD)
  Destination:       lock (FF)
  Destination Clock: clk rising

  Data Path: people<5> to lock
                                Gate     Net
    Cell:in->out      fanout   Delay   Delay  Logical Name (Net Name)
    ----------------------------------------  ------------
     IBUF:I->O             7   0.001   0.721  people_5_IBUF (people_5_IBUF)
     LUT6:I0->O            1   0.097   0.379  _n0058_inv_SW0 (N4)
     LUT3:I1->O            1   0.097   0.279  _n0058_inv (_n0058_inv)
     FDCE:CE                   0.095          lock
    ----------------------------------------
    Total                      1.670ns (0.290ns logic, 1.380ns route)
                                       (17.4% logic, 82.6% route)

=========================================================================
Timing constraint: Default OFFSET IN BEFORE for Clock 'clk_out'
  Total number of paths / destination ports: 4 / 4
-------------------------------------------------------------------------
Offset:              1.078ns (Levels of Logic = 2)
  Source:            jud (PAD)
  Destination:       temp_seg_0 (FF)
  Destination Clock: clk_out rising

  Data Path: jud to temp_seg_0
                                Gate     Net
    Cell:in->out      fanout   Delay   Delay  Logical Name (Net Name)
    ----------------------------------------  ------------
     IBUF:I->O             3   0.001   0.289  jud_IBUF (jud_IBUF)
     INV:I->O             11   0.113   0.325  jud_inv1_INV_0 (jud_inv)
     FDC:CLR                   0.349          temp_seg_0
    ----------------------------------------
    Total                      1.078ns (0.463ns logic, 0.615ns route)
                                       (43.0% logic, 57.0% route)

=========================================================================
Timing constraint: Default OFFSET OUT AFTER for Clock 'clk'
  Total number of paths / destination ports: 6 / 6
-------------------------------------------------------------------------
Offset:              0.640ns (Levels of Logic = 1)
  Source:            light_5 (FF)
  Destination:       light<5> (PAD)
  Source Clock:      clk rising

  Data Path: light_5 to light<5>
                                Gate     Net
    Cell:in->out      fanout   Delay   Delay  Logical Name (Net Name)
    ----------------------------------------  ------------
     FDCE:C->Q             1   0.361   0.279  light_5 (light_5)
     OBUF:I->O                 0.000          light_5_OBUF (light<5>)
    ----------------------------------------
    Total                      0.640ns (0.361ns logic, 0.279ns route)
                                       (56.4% logic, 43.6% route)

=========================================================================
Timing constraint: Default OFFSET OUT AFTER for Clock 'clk_out'
  Total number of paths / destination ports: 28 / 7
-------------------------------------------------------------------------
Offset:              1.340ns (Levels of Logic = 2)
  Source:            temp_seg_3 (FF)
  Destination:       seg<6> (PAD)
  Source Clock:      clk_out rising

  Data Path: temp_seg_3 to seg<6>
                                Gate     Net
    Cell:in->out      fanout   Delay   Delay  Logical Name (Net Name)
    ----------------------------------------  ------------
     FDC:C->Q             11   0.361   0.603  temp_seg_3 (temp_seg_3)
     LUT4:I0->O            1   0.097   0.279  Mram_seg12 (seg_0_OBUF)
     OBUF:I->O                 0.000          seg_0_OBUF (seg<0>)
    ----------------------------------------
    Total                      1.340ns (0.458ns logic, 0.882ns route)
                                       (34.2% logic, 65.8% route)

=========================================================================

Cross Clock Domains Report:
--------------------------

Clock to Setup on destination clock clk
---------------+---------+---------+---------+---------+
               | Src:Rise| Src:Fall| Src:Rise| Src:Fall|
Source Clock   |Dest:Rise|Dest:Rise|Dest:Fall|Dest:Fall|
---------------+---------+---------+---------+---------+
clk            |    1.671|         |         |         |
---------------+---------+---------+---------+---------+

Clock to Setup on destination clock clk_out
---------------+---------+---------+---------+---------+
               | Src:Rise| Src:Fall| Src:Rise| Src:Fall|
Source Clock   |Dest:Rise|Dest:Rise|Dest:Fall|Dest:Fall|
---------------+---------+---------+---------+---------+
clk_out        |    1.069|         |         |         |
---------------+---------+---------+---------+---------+

=========================================================================


Total REAL time to Xst completion: 4.00 secs
Total CPU time to Xst completion: 3.76 secs
 
--> 

Total memory usage is 369416 kilobytes

Number of errors   :    0 (   0 filtered)
Number of warnings :   22 (   0 filtered)
Number of infos    :    2 (   0 filtered)

