Release 14.7 - xst P.20131013 (nt)
Copyright (c) 1995-2013 Xilinx, Inc.  All rights reserved.
--> Parameter TMPDIR set to xst/projnav.tmp


Total REAL time to Xst completion: 0.00 secs
Total CPU time to Xst completion: 0.09 secs
 
--> Parameter xsthdpdir set to xst


Total REAL time to Xst completion: 0.00 secs
Total CPU time to Xst completion: 0.09 secs
 
--> Reading design: clock.prj

TABLE OF CONTENTS
  1) Synthesis Options Summary
  2) HDL Parsing
  3) HDL Elaboration
  4) HDL Synthesis
       4.1) HDL Synthesis Report
  5) Advanced HDL Synthesis
       5.1) Advanced HDL Synthesis Report
  6) Low Level Synthesis
  7) Partition Report
  8) Design Summary
       8.1) Primitive and Black Box Usage
       8.2) Device utilization summary
       8.3) Partition Resource Summary
       8.4) Timing Report
            8.4.1) Clock Information
            8.4.2) Asynchronous Control Signals Information
            8.4.3) Timing Summary
            8.4.4) Timing Details
            8.4.5) Cross Clock Domains Report


=========================================================================
*                      Synthesis Options Summary                        *
=========================================================================
---- Source Parameters
Input File Name                    : "clock.prj"
Ignore Synthesis Constraint File   : NO

---- Target Parameters
Output File Name                   : "clock"
Output Format                      : NGC
Target Device                      : xc6slx9-3-tqg144

---- Source Options
Top Module Name                    : clock
Automatic FSM Extraction           : YES
FSM Encoding Algorithm             : Auto
Safe Implementation                : No
FSM Style                          : LUT
RAM Extraction                     : Yes
RAM Style                          : Auto
ROM Extraction                     : Yes
Shift Register Extraction          : YES
ROM Style                          : Auto
Resource Sharing                   : YES
Asynchronous To Synchronous        : NO
Shift Register Minimum Size        : 2
Use DSP Block                      : Auto
Automatic Register Balancing       : No

---- Target Options
LUT Combining                      : Auto
Reduce Control Sets                : Auto
Add IO Buffers                     : YES
Global Maximum Fanout              : 100000
Add Generic Clock Buffer(BUFG)     : 16
Register Duplication               : YES
Optimize Instantiated Primitives   : NO
Use Clock Enable                   : Auto
Use Synchronous Set                : Auto
Use Synchronous Reset              : Auto
Pack IO Registers into IOBs        : Auto
Equivalent register Removal        : YES

---- General Options
Optimization Goal                  : Speed
Optimization Effort                : 1
Power Reduction                    : NO
Keep Hierarchy                     : No
Netlist Hierarchy                  : As_Optimized
RTL Output                         : Yes
Global Optimization                : AllClockNets
Read Cores                         : YES
Write Timing Constraints           : NO
Cross Clock Analysis               : NO
Hierarchy Separator                : /
Bus Delimiter                      : <>
Case Specifier                     : Maintain
Slice Utilization Ratio            : 100
BRAM Utilization Ratio             : 100
DSP48 Utilization Ratio            : 100
Auto BRAM Packing                  : NO
Slice Utilization Ratio Delta      : 5

=========================================================================


=========================================================================
*                          HDL Parsing                                  *
=========================================================================
Parsing VHDL file "D:\New Folder\clock\clock.vhd" into library work
Parsing entity <clock>.
Parsing architecture <Behavioral> of entity <clock>.

=========================================================================
*                            HDL Elaboration                            *
=========================================================================

Elaborating entity <clock> (architecture <Behavioral>) from library <work>.

=========================================================================
*                           HDL Synthesis                               *
=========================================================================

Synthesizing Unit <clock>.
    Related source file is "D:\New Folder\clock\clock.vhd".
    Found 4-bit register for signal <temp_L>.
    Found 4-bit register for signal <temp_H>.
    Found 1-bit register for signal <clk_out>.
    Found 26-bit register for signal <cnt>.
    Found 26-bit adder for signal <cnt[25]_GND_5_o_add_0_OUT> created at line 23.
    Found 4-bit adder for signal <cnt_L[3]_GND_5_o_add_5_OUT> created at line 41.
    Found 4-bit adder for signal <cnt_H[3]_GND_5_o_add_7_OUT> created at line 44.
    Found 16x7-bit Read Only RAM for signal <seg1>
    Found 16x7-bit Read Only RAM for signal <seg2>
    Found 4-bit comparator greater for signal <PWR_5_o_cnt_L[3]_LessThan_7_o> created at line 42
    Found 4-bit comparator greater for signal <PWR_5_o_cnt_H[3]_LessThan_9_o> created at line 45
    Summary:
	inferred   2 RAM(s).
	inferred   3 Adder/Subtractor(s).
	inferred  35 D-type flip-flop(s).
	inferred   2 Comparator(s).
	inferred   2 Multiplexer(s).
Unit <clock> synthesized.

=========================================================================
HDL Synthesis Report

Macro Statistics
# RAMs                                                 : 2
 16x7-bit single-port Read Only RAM                    : 2
# Adders/Subtractors                                   : 3
 26-bit adder                                          : 1
 4-bit adder                                           : 2
# Registers                                            : 4
 1-bit register                                        : 1
 26-bit register                                       : 1
 4-bit register                                        : 2
# Comparators                                          : 2
 4-bit comparator greater                              : 2
# Multiplexers                                         : 2
 4-bit 2-to-1 multiplexer                              : 2

=========================================================================

=========================================================================
*                       Advanced HDL Synthesis                          *
=========================================================================


Synthesizing (advanced) Unit <clock>.
The following registers are absorbed into counter <cnt>: 1 register on signal <cnt>.
INFO:Xst:3218 - HDL ADVISOR - The RAM <Mram_seg1> will be implemented on LUTs either because you have described an asynchronous read or because of currently unsupported block RAM features. If you have described an asynchronous read, making it synchronous would allow you to take advantage of available block RAM resources, for optimized device usage and improved timings. Please refer to your documentation for coding guidelines.
    -----------------------------------------------------------------------
    | ram_type           | Distributed                         |          |
    -----------------------------------------------------------------------
    | Port A                                                              |
    |     aspect ratio   | 16-word x 7-bit                     |          |
    |     weA            | connected to signal <GND>           | high     |
    |     addrA          | connected to signal <temp_L>        |          |
    |     diA            | connected to signal <GND>           |          |
    |     doA            | connected to signal <seg1>          |          |
    -----------------------------------------------------------------------
INFO:Xst:3218 - HDL ADVISOR - The RAM <Mram_seg2> will be implemented on LUTs either because you have described an asynchronous read or because of currently unsupported block RAM features. If you have described an asynchronous read, making it synchronous would allow you to take advantage of available block RAM resources, for optimized device usage and improved timings. Please refer to your documentation for coding guidelines.
    -----------------------------------------------------------------------
    | ram_type           | Distributed                         |          |
    -----------------------------------------------------------------------
    | Port A                                                              |
    |     aspect ratio   | 16-word x 7-bit                     |          |
    |     weA            | connected to signal <GND>           | high     |
    |     addrA          | connected to signal <temp_H>        |          |
    |     diA            | connected to signal <GND>           |          |
    |     doA            | connected to signal <seg2>          |          |
    -----------------------------------------------------------------------
Unit <clock> synthesized (advanced).

=========================================================================
Advanced HDL Synthesis Report

Macro Statistics
# RAMs                                                 : 2
 16x7-bit single-port distributed Read Only RAM        : 2
# Adders/Subtractors                                   : 2
 4-bit adder                                           : 2
# Counters                                             : 1
 26-bit up counter                                     : 1
# Registers                                            : 9
 Flip-Flops                                            : 9
# Comparators                                          : 2
 4-bit comparator greater                              : 2
# Multiplexers                                         : 2
 4-bit 2-to-1 multiplexer                              : 2

=========================================================================

=========================================================================
*                         Low Level Synthesis                           *
=========================================================================

Optimizing unit <clock> ...

Mapping all equations...
Building and optimizing final netlist ...
Found area constraint ratio of 100 (+ 5) on block clock, actual ratio is 1.

Final Macro Processing ...

=========================================================================
Final Register Report

Macro Statistics
# Registers                                            : 35
 Flip-Flops                                            : 35

=========================================================================

=========================================================================
*                           Partition Report                            *
=========================================================================

Partition Implementation Status
-------------------------------

  No Partitions were found in this design.

-------------------------------

=========================================================================
*                            Design Summary                             *
=========================================================================

Top Level Output File Name         : clock.ngc

Primitive and Black Box Usage:
------------------------------
# BELS                             : 142
#      GND                         : 1
#      INV                         : 2
#      LUT1                        : 25
#      LUT2                        : 29
#      LUT3                        : 2
#      LUT4                        : 21
#      LUT5                        : 2
#      LUT6                        : 8
#      MUXCY                       : 25
#      VCC                         : 1
#      XORCY                       : 26
# FlipFlops/Latches                : 35
#      FD                          : 27
#      FDC                         : 4
#      FDCE                        : 4
# Clock Buffers                    : 1
#      BUFGP                       : 1
# IO Buffers                       : 15
#      IBUF                        : 1
#      OBUF                        : 14

Device utilization summary:
---------------------------

Selected Device : 6slx9tqg144-3 


Slice Logic Utilization: 
 Number of Slice Registers:              35  out of  11440     0%  
 Number of Slice LUTs:                   89  out of   5720     1%  
    Number used as Logic:                89  out of   5720     1%  

Slice Logic Distribution: 
 Number of LUT Flip Flop pairs used:     89
   Number with an unused Flip Flop:      54  out of     89    60%  
   Number with an unused LUT:             0  out of     89     0%  
   Number of fully used LUT-FF pairs:    35  out of     89    39%  
   Number of unique control sets:         3

IO Utilization: 
 Number of IOs:                          16
 Number of bonded IOBs:                  16  out of    102    15%  

Specific Feature Utilization:
 Number of BUFG/BUFGCTRLs:                1  out of     16     6%  

---------------------------
Partition Resource Summary:
---------------------------

  No Partitions were found in this design.

---------------------------


=========================================================================
Timing Report

NOTE: THESE TIMING NUMBERS ARE ONLY A SYNTHESIS ESTIMATE.
      FOR ACCURATE TIMING INFORMATION PLEASE REFER TO THE TRACE REPORT
      GENERATED AFTER PLACE-and-ROUTE.

Clock Information:
------------------
-----------------------------------+------------------------+-------+
Clock Signal                       | Clock buffer(FF name)  | Load  |
-----------------------------------+------------------------+-------+
clk_out                            | NONE(temp_H_0)         | 8     |
clk                                | BUFGP                  | 27    |
-----------------------------------+------------------------+-------+
INFO:Xst:2169 - HDL ADVISOR - Some clock signals were not automatically buffered by XST with BUFG/BUFR resources. Please use the buffer_type constraint in order to insert these buffers to the clock signals to help prevent skew problems.

Asynchronous Control Signals Information:
----------------------------------------
No asynchronous control signals found in this design

Timing Summary:
---------------
Speed Grade: -3

   Minimum period: 4.013ns (Maximum Frequency: 249.196MHz)
   Minimum input arrival time before clock: 3.238ns
   Maximum output required time after clock: 4.956ns
   Maximum combinational path delay: No path found

Timing Details:
---------------
All values displayed in nanoseconds (ns)

=========================================================================
Timing constraint: Default period analysis for Clock 'clk_out'
  Clock period: 2.810ns (frequency: 355.828MHz)
  Total number of paths / destination ports: 46 / 12
-------------------------------------------------------------------------
Delay:               2.810ns (Levels of Logic = 1)
  Source:            temp_L_3 (FF)
  Destination:       temp_H_0 (FF)
  Source Clock:      clk_out rising
  Destination Clock: clk_out rising

  Data Path: temp_L_3 to temp_H_0
                                Gate     Net
    Cell:in->out      fanout   Delay   Delay  Logical Name (Net Name)
    ----------------------------------------  ------------
     FDC:C->Q             12   0.447   1.156  temp_L_3 (temp_L_3)
     LUT4:I0->O            4   0.203   0.683  PWR_5_o_cnt_L[3]_LessThan_7_o1 (PWR_5_o_cnt_L[3]_LessThan_7_o)
     FDCE:CE                   0.322          temp_H_0
    ----------------------------------------
    Total                      2.810ns (0.972ns logic, 1.838ns route)
                                       (34.6% logic, 65.4% route)

=========================================================================
Timing constraint: Default period analysis for Clock 'clk'
  Clock period: 4.013ns (frequency: 249.196MHz)
  Total number of paths / destination ports: 1080 / 27
-------------------------------------------------------------------------
Delay:               4.013ns (Levels of Logic = 3)
  Source:            cnt_25 (FF)
  Destination:       cnt_0 (FF)
  Source Clock:      clk rising
  Destination Clock: clk rising

  Data Path: cnt_25 to cnt_0
                                Gate     Net
    Cell:in->out      fanout   Delay   Delay  Logical Name (Net Name)
    ----------------------------------------  ------------
     FD:C->Q               2   0.447   0.981  cnt_25 (cnt_25)
     LUT6:I0->O            4   0.203   0.912  _n004511 (_n004511)
     LUT6:I3->O           14   0.205   0.958  cnt[25]_GND_5_o_equal_3_o<25> (cnt[25]_GND_5_o_equal_3_o)
     LUT2:I1->O            1   0.205   0.000  cnt_0_rstpot (cnt_0_rstpot)
     FD:D                      0.102          cnt_0
    ----------------------------------------
    Total                      4.013ns (1.162ns logic, 2.851ns route)
                                       (29.0% logic, 71.0% route)

=========================================================================
Timing constraint: Default OFFSET IN BEFORE for Clock 'clk_out'
  Total number of paths / destination ports: 8 / 8
-------------------------------------------------------------------------
Offset:              3.238ns (Levels of Logic = 2)
  Source:            rst (PAD)
  Destination:       temp_H_0 (FF)
  Destination Clock: clk_out rising

  Data Path: rst to temp_H_0
                                Gate     Net
    Cell:in->out      fanout   Delay   Delay  Logical Name (Net Name)
    ----------------------------------------  ------------
     IBUF:I->O             1   1.222   0.579  rst_IBUF (rst_IBUF)
     INV:I->O              8   0.206   0.802  rst_inv1_INV_0 (rst_inv)
     FDCE:CLR                  0.430          temp_H_0
    ----------------------------------------
    Total                      3.238ns (1.858ns logic, 1.380ns route)
                                       (57.4% logic, 42.6% route)

=========================================================================
Timing constraint: Default OFFSET OUT AFTER for Clock 'clk_out'
  Total number of paths / destination ports: 56 / 14
-------------------------------------------------------------------------
Offset:              4.956ns (Levels of Logic = 2)
  Source:            temp_L_3 (FF)
  Destination:       seg1<6> (PAD)
  Source Clock:      clk_out rising

  Data Path: temp_L_3 to seg1<6>
                                Gate     Net
    Cell:in->out      fanout   Delay   Delay  Logical Name (Net Name)
    ----------------------------------------  ------------
     FDC:C->Q             12   0.447   1.156  temp_L_3 (temp_L_3)
     LUT4:I0->O            1   0.203   0.579  Mram_seg112 (seg1_0_OBUF)
     OBUF:I->O                 2.571          seg1_0_OBUF (seg1<0>)
    ----------------------------------------
    Total                      4.956ns (3.221ns logic, 1.735ns route)
                                       (65.0% logic, 35.0% route)

=========================================================================

Cross Clock Domains Report:
--------------------------

Clock to Setup on destination clock clk
---------------+---------+---------+---------+---------+
               | Src:Rise| Src:Fall| Src:Rise| Src:Fall|
Source Clock   |Dest:Rise|Dest:Rise|Dest:Fall|Dest:Fall|
---------------+---------+---------+---------+---------+
clk            |    4.013|         |         |         |
---------------+---------+---------+---------+---------+

Clock to Setup on destination clock clk_out
---------------+---------+---------+---------+---------+
               | Src:Rise| Src:Fall| Src:Rise| Src:Fall|
Source Clock   |Dest:Rise|Dest:Rise|Dest:Fall|Dest:Fall|
---------------+---------+---------+---------+---------+
clk_out        |    2.810|         |         |         |
---------------+---------+---------+---------+---------+

=========================================================================


Total REAL time to Xst completion: 2.00 secs
Total CPU time to Xst completion: 2.53 secs
 
--> 

Total memory usage is 248840 kilobytes

Number of errors   :    0 (   0 filtered)
Number of warnings :    0 (   0 filtered)
Number of infos    :    3 (   0 filtered)

