Running: D:\ISE\14.7\ISE_DS\ISE\bin\nt64\unwrapped\fuse.exe -intstyle ise -incremental -lib secureip -o D:/New Folder/three_not_same/three_isim_beh.exe -prj D:/New Folder/three_not_same/three_beh.prj work.three 
ISim P.20131013 (signature 0x7708f090)
Number of CPUs detected in this system: 16
Turning on mult-threading, number of parallel sub-compilation jobs: 32 
Determining compilation order of HDL files
Parsing VHDL file "D:/New Folder/three_not_same/not_door.vhd" into library work
Parsing VHDL file "D:/New Folder/three_not_same/nand_door.vhd" into library work
Parsing VHDL file "D:/New Folder/three_not_same/and_door.vhd" into library work
Parsing VHDL file "D:/New Folder/three_not_same/three_not_same.vhd" into library work
Parsing VHDL file "D:/New Folder/three_not_same/three.vhd" into library work
Starting static elaboration
Completed static elaboration
Compiling package standard
Compiling package std_logic_1164
Compiling architecture behavioral of entity not_door [not_door_default]
Compiling architecture behavioral of entity nand_door [nand_door_default]
Compiling architecture behavioral of entity and_door [and_door_default]
Compiling architecture behavioral of entity three_not_same [three_not_same_default]
Compiling architecture behavior of entity three
Time Resolution for simulation is 1ps.
WARNING:Simulator - Unable to copy libPortabilityNOSH.dll to the simulation executable directory: boost::filesystem::copy_file: 系统找不到指定的路径。, "isim\three_isim_beh.exe.sim\libPortability.dll".
Compiled 11 VHDL Units
Built simulation executable D:/New Folder/three_not_same/three_isim_beh.exe
Fuse Memory Usage: 31452 KB
Fuse CPU Usage: 374 ms
