Running: D:\ISE\14.7\ISE_DS\ISE\bin\nt64\unwrapped\fuse.exe -intstyle ise -incremental -lib secureip -o D:/New Folder/moshi/MO10_isim_beh.exe -prj D:/New Folder/moshi/MO10_beh.prj work.MO10 
ISim P.20131013 (signature 0x7708f090)
Number of CPUs detected in this system: 16
Turning on mult-threading, number of parallel sub-compilation jobs: 32 
Determining compilation order of HDL files
Parsing VHDL file "D:/New Folder/moshi/or_two.vhd" into library work
Parsing VHDL file "D:/New Folder/moshi/or_three.vhd" into library work
Parsing VHDL file "D:/New Folder/moshi/Dtrigger.vhd" into library work
Parsing VHDL file "D:/New Folder/moshi/and_two.vhd" into library work
Parsing VHDL file "D:/New Folder/moshi/and_three.vhd" into library work
Parsing VHDL file "D:/New Folder/moshi/moshi.vhd" into library work
Parsing VHDL file "D:/New Folder/moshi/MO10.vhd" into library work
Starting static elaboration
Completed static elaboration
Compiling package standard
Compiling package std_logic_1164
Compiling architecture behavioral of entity Dtrigger [dtrigger_default]
Compiling architecture behavioral of entity or_two [or_two_default]
Compiling architecture behavioral of entity or_three [or_three_default]
Compiling architecture behavioral of entity and_two [and_two_default]
Compiling architecture behavioral of entity and_three [and_three_default]
Compiling architecture behavioral of entity moshi [moshi_default]
Compiling architecture behavior of entity mo10
Time Resolution for simulation is 1ps.
WARNING:Simulator - Unable to copy libPortabilityNOSH.dll to the simulation executable directory: boost::filesystem::copy_file: 系统找不到指定的路径。, "isim\MO10_isim_beh.exe.sim\libPortability.dll".
Compiled 15 VHDL Units
Built simulation executable D:/New Folder/moshi/MO10_isim_beh.exe
Fuse Memory Usage: 31288 KB
Fuse CPU Usage: 390 ms
